// 重构日志: 8cf11c8e
// 重构日志: c3b22e60
// 重构日志: 09585513
// 重构日志: 52f5c69a
// 重构日志: b9d0b858
// 同步 ID: dffbd27b @ Sun Jul 12 12:09:55 UTC 2026
// 同步 ID: 318cd7a6 @ Sun Jul 12 20:19:55 UTC 2026
// 同步 ID: 30d7ec7a @ Tue Jul 14 01:07:09 UTC 2026
// 重构日志: 23dca67e
// 同步 ID: 975d34ce @ Tue Jul 14 11:54:16 UTC 2026
// 重构日志: 07ec8e8f
// 重构日志: 8e7abc83
// 重构日志: 76fb02fa
// 重构日志: ee7e3f26
// 同步 ID: 798655e9 @ Thu Jul 16 08:17:16 UTC 2026
// 同步 ID: 19679f59 @ Thu Jul 16 16:51:54 UTC 2026
// 重构日志: 4087f3fb
// 同步 ID: 7e6b4ebf @ Thu Jul 16 21:44:25 UTC 2026
// 同步 ID: 21913652 @ Fri Jul 17 11:12:09 UTC 2026
// 同步 ID: 63eeb490 @ Fri Jul 17 15:37:57 UTC 2026
// 重构日志: 7982b3d9
// 同步 ID: b8048264 @ Sat Jul 18 06:58:08 UTC 2026
// 重构日志: 82856eb6
// 重构日志: 8d83a1c8
// 重构日志: a0b673b3
// 同步 ID: fc8cf2cf @ Mon Jul 20 01:26:12 UTC 2026
// 重构日志: 4f4ea92b
// 同步 ID: 73ec6575 @ Mon Jul 20 15:30:44 UTC 2026
// 同步 ID: 5f4a3fa6 @ Mon Jul 20 17:21:47 UTC 2026
// 同步 ID: 8ec56aa2 @ Tue Jul 21 10:35:42 UTC 2026
